2021-05-27 16:07:03,366 [INFO] com.ikubinfo.Internship.InternshipApplication [restartedMain] Starting InternshipApplication using Java 15.0.1 on Klement with PID 10724 (D:\Java\Internship\target\classes started by Klement in D:\Java\Internship)
2021-05-27 16:07:03,372 [DEBUG] com.ikubinfo.Internship.InternshipApplication [restartedMain] Running with Spring Boot v2.4.4, Spring v5.3.5
2021-05-27 16:07:03,373 [INFO] com.ikubinfo.Internship.InternshipApplication [restartedMain] The following profiles are active: dev
2021-05-27 16:07:03,425 [INFO] org.springframework.boot.devtools.env.DevToolsPropertyDefaultsPostProcessor [restartedMain] Devtools property defaults active! Set 'spring.devtools.add-properties' to 'false' to disable
2021-05-27 16:07:03,426 [INFO] org.springframework.boot.devtools.env.DevToolsPropertyDefaultsPostProcessor [restartedMain] For additional web related logging consider setting the 'logging.level.web' property to 'DEBUG'
2021-05-27 16:07:04,629 [INFO] org.springframework.data.repository.config.RepositoryConfigurationDelegate [restartedMain] Bootstrapping Spring Data JPA repositories in DEFAULT mode.
2021-05-27 16:07:04,700 [INFO] org.springframework.data.repository.config.RepositoryConfigurationDelegate [restartedMain] Finished Spring Data repository scanning in 64 ms. Found 10 JPA repository interfaces.
2021-05-27 16:07:04,972 [INFO] org.springframework.context.support.PostProcessorRegistrationDelegate$BeanPostProcessorChecker [restartedMain] Bean 'org.springframework.security.access.expression.method.DefaultMethodSecurityExpressionHandler@64bbe469' of type [org.springframework.security.access.expression.method.DefaultMethodSecurityExpressionHandler] is not eligible for getting processed by all BeanPostProcessors (for example: not eligible for auto-proxying)
2021-05-27 16:07:04,975 [INFO] org.springframework.context.support.PostProcessorRegistrationDelegate$BeanPostProcessorChecker [restartedMain] Bean 'methodSecurityMetadataSource' of type [org.springframework.security.access.method.DelegatingMethodSecurityMetadataSource] is not eligible for getting processed by all BeanPostProcessors (for example: not eligible for auto-proxying)
2021-05-27 16:07:05,180 [INFO] org.springframework.boot.web.embedded.tomcat.TomcatWebServer [restartedMain] Tomcat initialized with port(s): 8080 (http)
2021-05-27 16:07:05,190 [INFO] org.apache.catalina.core.StandardService [restartedMain] Starting service [Tomcat]
2021-05-27 16:07:05,190 [INFO] org.apache.catalina.core.StandardEngine [restartedMain] Starting Servlet engine: [Apache Tomcat/9.0.44]
2021-05-27 16:07:05,256 [INFO] org.apache.catalina.core.ContainerBase.[Tomcat].[localhost].[/] [restartedMain] Initializing Spring embedded WebApplicationContext
2021-05-27 16:07:05,256 [INFO] org.springframework.boot.web.servlet.context.ServletWebServerApplicationContext [restartedMain] Root WebApplicationContext: initialization completed in 1829 ms
2021-05-27 16:07:05,370 [INFO] org.hibernate.jpa.internal.util.LogHelper [restartedMain] HHH000204: Processing PersistenceUnitInfo [name: default]
2021-05-27 16:07:05,410 [INFO] org.hibernate.Version [restartedMain] HHH000412: Hibernate ORM core version 5.4.29.Final
2021-05-27 16:07:05,509 [INFO] org.hibernate.annotations.common.Version [restartedMain] HCANN000001: Hibernate Commons Annotations {5.1.2.Final}
2021-05-27 16:07:05,574 [INFO] com.zaxxer.hikari.HikariDataSource [restartedMain] HikariPool-1 - Starting...
2021-05-27 16:07:05,797 [INFO] com.zaxxer.hikari.HikariDataSource [restartedMain] HikariPool-1 - Start completed.
2021-05-27 16:07:05,820 [INFO] org.hibernate.dialect.Dialect [restartedMain] HHH000400: Using dialect: org.hibernate.dialect.PostgreSQL10Dialect
2021-05-27 16:07:06,835 [INFO] org.hibernate.engine.transaction.jta.platform.internal.JtaPlatformInitiator [restartedMain] HHH000490: Using JtaPlatform implementation: [org.hibernate.engine.transaction.jta.platform.internal.NoJtaPlatform]
2021-05-27 16:07:06,842 [INFO] org.springframework.orm.jpa.LocalContainerEntityManagerFactoryBean [restartedMain] Initialized JPA EntityManagerFactory for persistence unit 'default'
2021-05-27 16:07:07,106 [DEBUG] com.ikubinfo.Internship.security.JwtRequestFilter [restartedMain] Filter 'jwtRequestFilter' configured for use
2021-05-27 16:07:07,138 [INFO] org.springframework.boot.devtools.autoconfigure.OptionalLiveReloadServer [restartedMain] LiveReload server is running on port 35729
2021-05-27 16:07:07,249 [WARN] org.springframework.boot.autoconfigure.orm.jpa.JpaBaseConfiguration$JpaWebConfiguration [restartedMain] spring.jpa.open-in-view is enabled by default. Therefore, database queries may be performed during view rendering. Explicitly configure spring.jpa.open-in-view to disable this warning
2021-05-27 16:07:07,744 [INFO] springfox.documentation.spring.web.PropertySourcedRequestMappingHandlerMapping [restartedMain] Mapped URL path [/v2/api-docs] onto method [springfox.documentation.swagger2.web.Swagger2Controller#getDocumentation(String, HttpServletRequest)]
2021-05-27 16:07:07,826 [INFO] org.springframework.security.web.DefaultSecurityFilterChain [restartedMain] Will secure any request with [org.springframework.security.web.context.request.async.WebAsyncManagerIntegrationFilter@69b30217, org.springframework.security.web.context.SecurityContextPersistenceFilter@72f95926, org.springframework.security.web.header.HeaderWriterFilter@7e738bbf, org.springframework.security.web.authentication.logout.LogoutFilter@4229957d, com.ikubinfo.Internship.security.JwtRequestFilter@29beb3b4, org.springframework.security.web.savedrequest.RequestCacheAwareFilter@373586b9, org.springframework.security.web.servletapi.SecurityContextHolderAwareRequestFilter@7bc45d1d, org.springframework.security.web.authentication.AnonymousAuthenticationFilter@14bbb28e, org.springframework.security.web.session.SessionManagementFilter@71623951, org.springframework.security.web.access.ExceptionTranslationFilter@3a0f42dc, org.springframework.security.web.access.intercept.FilterSecurityInterceptor@127f2000]
2021-05-27 16:07:07,912 [INFO] org.springframework.scheduling.concurrent.ThreadPoolTaskExecutor [restartedMain] Initializing ExecutorService 'applicationTaskExecutor'
2021-05-27 16:07:08,079 [INFO] org.springframework.boot.web.embedded.tomcat.TomcatWebServer [restartedMain] Tomcat started on port(s): 8080 (http) with context path ''
2021-05-27 16:07:08,080 [INFO] springfox.documentation.spring.web.plugins.DocumentationPluginsBootstrapper [restartedMain] Context refreshed
2021-05-27 16:07:08,090 [INFO] springfox.documentation.spring.web.plugins.DocumentationPluginsBootstrapper [restartedMain] Found 1 custom documentation plugin(s)
2021-05-27 16:07:08,114 [INFO] springfox.documentation.spring.web.scanners.ApiListingReferenceScanner [restartedMain] Scanning for api listing references
2021-05-27 16:07:08,252 [INFO] org.apache.catalina.core.ContainerBase.[Tomcat].[localhost].[/] [http-nio-8080-exec-2] Initializing Spring DispatcherServlet 'dispatcherServlet'
2021-05-27 16:07:08,253 [INFO] org.springframework.web.servlet.DispatcherServlet [http-nio-8080-exec-2] Initializing Servlet 'dispatcherServlet'
2021-05-27 16:07:08,254 [INFO] org.springframework.web.servlet.DispatcherServlet [http-nio-8080-exec-2] Completed initialization in 1 ms
2021-05-27 16:07:08,264 [WARN] com.ikubinfo.Internship.security.JwtRequestFilter [http-nio-8080-exec-2] JWT Token does not begin with Bearer String
2021-05-27 16:07:08,321 [WARN] com.ikubinfo.Internship.security.JwtRequestFilter [http-nio-8080-exec-1] JWT Token does not begin with Bearer String
2021-05-27 16:07:08,323 [WARN] com.ikubinfo.Internship.security.JwtRequestFilter [http-nio-8080-exec-4] JWT Token does not begin with Bearer String
2021-05-27 16:07:08,323 [WARN] com.ikubinfo.Internship.security.JwtRequestFilter [http-nio-8080-exec-3] JWT Token does not begin with Bearer String
2021-05-27 16:07:08,324 [WARN] com.ikubinfo.Internship.security.JwtRequestFilter [http-nio-8080-exec-5] JWT Token does not begin with Bearer String
2021-05-27 16:07:08,325 [WARN] com.ikubinfo.Internship.security.JwtRequestFilter [http-nio-8080-exec-8] JWT Token does not begin with Bearer String
2021-05-27 16:07:08,398 [INFO] com.ikubinfo.Internship.InternshipApplication [restartedMain] Started InternshipApplication in 5.436 seconds (JVM running for 6.38)
2021-05-27 16:07:08,540 [WARN] com.ikubinfo.Internship.security.JwtRequestFilter [http-nio-8080-exec-7] JWT Token does not begin with Bearer String
2021-05-27 16:07:08,561 [WARN] com.ikubinfo.Internship.security.JwtRequestFilter [http-nio-8080-exec-6] JWT Token does not begin with Bearer String
2021-05-27 16:07:08,564 [WARN] com.ikubinfo.Internship.security.JwtRequestFilter [http-nio-8080-exec-9] JWT Token does not begin with Bearer String
2021-05-27 16:07:08,609 [WARN] com.ikubinfo.Internship.security.JwtRequestFilter [http-nio-8080-exec-10] JWT Token does not begin with Bearer String
2021-05-27 16:07:08,615 [WARN] com.ikubinfo.Internship.security.JwtRequestFilter [http-nio-8080-exec-2] JWT Token does not begin with Bearer String
2021-05-27 16:07:08,644 [WARN] com.ikubinfo.Internship.security.JwtRequestFilter [http-nio-8080-exec-1] JWT Token does not begin with Bearer String
2021-05-27 16:07:08,645 [WARN] com.ikubinfo.Internship.security.JwtRequestFilter [http-nio-8080-exec-8] JWT Token does not begin with Bearer String
2021-05-27 16:07:08,671 [WARN] com.ikubinfo.Internship.security.JwtRequestFilter [http-nio-8080-exec-3] JWT Token does not begin with Bearer String
2021-05-27 16:07:08,675 [WARN] com.ikubinfo.Internship.security.JwtRequestFilter [http-nio-8080-exec-5] JWT Token does not begin with Bearer String
2021-05-27 16:07:08,840 [WARN] com.ikubinfo.Internship.security.JwtRequestFilter [http-nio-8080-exec-4] JWT Token does not begin with Bearer String
2021-05-27 16:07:08,840 [WARN] com.ikubinfo.Internship.security.JwtRequestFilter [http-nio-8080-exec-7] JWT Token does not begin with Bearer String
2021-05-27 16:09:02,153 [INFO] com.ikubinfo.Internship.InternshipApplication [restartedMain] Starting InternshipApplication using Java 15.0.1 on Klement with PID 6728 (D:\Java\Internship\target\classes started by Klement in D:\Java\Internship)
2021-05-27 16:09:02,155 [DEBUG] com.ikubinfo.Internship.InternshipApplication [restartedMain] Running with Spring Boot v2.4.4, Spring v5.3.5
2021-05-27 16:09:02,155 [INFO] com.ikubinfo.Internship.InternshipApplication [restartedMain] The following profiles are active: dev
2021-05-27 16:09:02,189 [INFO] org.springframework.boot.devtools.env.DevToolsPropertyDefaultsPostProcessor [restartedMain] Devtools property defaults active! Set 'spring.devtools.add-properties' to 'false' to disable
2021-05-27 16:09:02,189 [INFO] org.springframework.boot.devtools.env.DevToolsPropertyDefaultsPostProcessor [restartedMain] For additional web related logging consider setting the 'logging.level.web' property to 'DEBUG'
2021-05-27 16:09:02,862 [INFO] org.springframework.data.repository.config.RepositoryConfigurationDelegate [restartedMain] Bootstrapping Spring Data JPA repositories in DEFAULT mode.
2021-05-27 16:09:02,917 [INFO] org.springframework.data.repository.config.RepositoryConfigurationDelegate [restartedMain] Finished Spring Data repository scanning in 49 ms. Found 10 JPA repository interfaces.
2021-05-27 16:09:03,139 [INFO] org.springframework.context.support.PostProcessorRegistrationDelegate$BeanPostProcessorChecker [restartedMain] Bean 'org.springframework.security.access.expression.method.DefaultMethodSecurityExpressionHandler@3e57eb6b' of type [org.springframework.security.access.expression.method.DefaultMethodSecurityExpressionHandler] is not eligible for getting processed by all BeanPostProcessors (for example: not eligible for auto-proxying)
2021-05-27 16:09:03,143 [INFO] org.springframework.context.support.PostProcessorRegistrationDelegate$BeanPostProcessorChecker [restartedMain] Bean 'methodSecurityMetadataSource' of type [org.springframework.security.access.method.DelegatingMethodSecurityMetadataSource] is not eligible for getting processed by all BeanPostProcessors (for example: not eligible for auto-proxying)
2021-05-27 16:09:03,309 [INFO] org.springframework.boot.web.embedded.tomcat.TomcatWebServer [restartedMain] Tomcat initialized with port(s): 8080 (http)
2021-05-27 16:09:03,314 [INFO] org.apache.catalina.core.StandardService [restartedMain] Starting service [Tomcat]
2021-05-27 16:09:03,315 [INFO] org.apache.catalina.core.StandardEngine [restartedMain] Starting Servlet engine: [Apache Tomcat/9.0.44]
2021-05-27 16:09:03,373 [INFO] org.apache.catalina.core.ContainerBase.[Tomcat].[localhost].[/] [restartedMain] Initializing Spring embedded WebApplicationContext
2021-05-27 16:09:03,374 [INFO] org.springframework.boot.web.servlet.context.ServletWebServerApplicationContext [restartedMain] Root WebApplicationContext: initialization completed in 1184 ms
2021-05-27 16:09:03,480 [INFO] org.hibernate.jpa.internal.util.LogHelper [restartedMain] HHH000204: Processing PersistenceUnitInfo [name: default]
2021-05-27 16:09:03,505 [INFO] org.hibernate.Version [restartedMain] HHH000412: Hibernate ORM core version 5.4.29.Final
2021-05-27 16:09:03,568 [INFO] org.hibernate.annotations.common.Version [restartedMain] HCANN000001: Hibernate Commons Annotations {5.1.2.Final}
2021-05-27 16:09:03,622 [INFO] com.zaxxer.hikari.HikariDataSource [restartedMain] HikariPool-1 - Starting...
2021-05-27 16:09:03,808 [INFO] com.zaxxer.hikari.HikariDataSource [restartedMain] HikariPool-1 - Start completed.
2021-05-27 16:09:03,824 [INFO] org.hibernate.dialect.Dialect [restartedMain] HHH000400: Using dialect: org.hibernate.dialect.PostgreSQL10Dialect
2021-05-27 16:09:04,696 [INFO] org.hibernate.engine.transaction.jta.platform.internal.JtaPlatformInitiator [restartedMain] HHH000490: Using JtaPlatform implementation: [org.hibernate.engine.transaction.jta.platform.internal.NoJtaPlatform]
2021-05-27 16:09:04,702 [INFO] org.springframework.orm.jpa.LocalContainerEntityManagerFactoryBean [restartedMain] Initialized JPA EntityManagerFactory for persistence unit 'default'
2021-05-27 16:09:04,937 [DEBUG] com.ikubinfo.Internship.security.JwtRequestFilter [restartedMain] Filter 'jwtRequestFilter' configured for use
2021-05-27 16:09:04,965 [INFO] org.springframework.boot.devtools.autoconfigure.OptionalLiveReloadServer [restartedMain] LiveReload server is running on port 35729
2021-05-27 16:09:05,076 [WARN] org.springframework.boot.autoconfigure.orm.jpa.JpaBaseConfiguration$JpaWebConfiguration [restartedMain] spring.jpa.open-in-view is enabled by default. Therefore, database queries may be performed during view rendering. Explicitly configure spring.jpa.open-in-view to disable this warning
2021-05-27 16:09:05,517 [INFO] springfox.documentation.spring.web.PropertySourcedRequestMappingHandlerMapping [restartedMain] Mapped URL path [/v2/api-docs] onto method [springfox.documentation.swagger2.web.Swagger2Controller#getDocumentation(String, HttpServletRequest)]
2021-05-27 16:09:05,591 [INFO] org.springframework.security.web.DefaultSecurityFilterChain [restartedMain] Will secure any request with [org.springframework.security.web.context.request.async.WebAsyncManagerIntegrationFilter@331a4ec3, org.springframework.security.web.context.SecurityContextPersistenceFilter@3dccb91f, org.springframework.security.web.header.HeaderWriterFilter@534e2de3, org.springframework.security.web.authentication.logout.LogoutFilter@7326b2ae, com.ikubinfo.Internship.security.JwtRequestFilter@39c426fb, org.springframework.security.web.savedrequest.RequestCacheAwareFilter@5cf92ec2, org.springframework.security.web.servletapi.SecurityContextHolderAwareRequestFilter@3c5c3ffc, org.springframework.security.web.authentication.AnonymousAuthenticationFilter@11c87f26, org.springframework.security.web.session.SessionManagementFilter@72d9be0, org.springframework.security.web.access.ExceptionTranslationFilter@23948262, org.springframework.security.web.access.intercept.FilterSecurityInterceptor@55412001]
2021-05-27 16:09:05,662 [INFO] org.springframework.scheduling.concurrent.ThreadPoolTaskExecutor [restartedMain] Initializing ExecutorService 'applicationTaskExecutor'
2021-05-27 16:09:05,804 [INFO] org.springframework.boot.web.embedded.tomcat.TomcatWebServer [restartedMain] Tomcat started on port(s): 8080 (http) with context path ''
2021-05-27 16:09:05,805 [INFO] springfox.documentation.spring.web.plugins.DocumentationPluginsBootstrapper [restartedMain] Context refreshed
2021-05-27 16:09:05,813 [INFO] springfox.documentation.spring.web.plugins.DocumentationPluginsBootstrapper [restartedMain] Found 1 custom documentation plugin(s)
2021-05-27 16:09:05,836 [INFO] springfox.documentation.spring.web.scanners.ApiListingReferenceScanner [restartedMain] Scanning for api listing references
2021-05-27 16:09:06,068 [INFO] com.ikubinfo.Internship.InternshipApplication [restartedMain] Started InternshipApplication in 4.161 seconds (JVM running for 4.749)
2021-05-27 16:09:12,089 [INFO] org.apache.catalina.core.ContainerBase.[Tomcat].[localhost].[/] [http-nio-8080-exec-1] Initializing Spring DispatcherServlet 'dispatcherServlet'
2021-05-27 16:09:12,090 [INFO] org.springframework.web.servlet.DispatcherServlet [http-nio-8080-exec-1] Initializing Servlet 'dispatcherServlet'
2021-05-27 16:09:12,091 [INFO] org.springframework.web.servlet.DispatcherServlet [http-nio-8080-exec-1] Completed initialization in 1 ms
2021-05-27 16:09:12,098 [WARN] com.ikubinfo.Internship.security.JwtRequestFilter [http-nio-8080-exec-1] JWT Token does not begin with Bearer String
2021-05-27 16:09:12,140 [WARN] com.ikubinfo.Internship.security.JwtRequestFilter [http-nio-8080-exec-2] JWT Token does not begin with Bearer String
2021-05-27 16:09:12,140 [WARN] com.ikubinfo.Internship.security.JwtRequestFilter [http-nio-8080-exec-5] JWT Token does not begin with Bearer String
2021-05-27 16:09:12,141 [WARN] com.ikubinfo.Internship.security.JwtRequestFilter [http-nio-8080-exec-3] JWT Token does not begin with Bearer String
2021-05-27 16:09:12,141 [WARN] com.ikubinfo.Internship.security.JwtRequestFilter [http-nio-8080-exec-7] JWT Token does not begin with Bearer String
2021-05-27 16:09:12,141 [WARN] com.ikubinfo.Internship.security.JwtRequestFilter [http-nio-8080-exec-4] JWT Token does not begin with Bearer String
2021-05-27 16:09:12,251 [WARN] com.ikubinfo.Internship.security.JwtRequestFilter [http-nio-8080-exec-6] JWT Token does not begin with Bearer String
2021-05-27 16:09:12,264 [WARN] com.ikubinfo.Internship.security.JwtRequestFilter [http-nio-8080-exec-8] JWT Token does not begin with Bearer String
2021-05-27 16:09:12,266 [WARN] com.ikubinfo.Internship.security.JwtRequestFilter [http-nio-8080-exec-10] JWT Token does not begin with Bearer String
2021-05-27 16:09:12,304 [WARN] com.ikubinfo.Internship.security.JwtRequestFilter [http-nio-8080-exec-9] JWT Token does not begin with Bearer String
2021-05-27 16:09:12,312 [WARN] com.ikubinfo.Internship.security.JwtRequestFilter [http-nio-8080-exec-1] JWT Token does not begin with Bearer String
2021-05-27 16:09:12,332 [WARN] com.ikubinfo.Internship.security.JwtRequestFilter [http-nio-8080-exec-2] JWT Token does not begin with Bearer String
2021-05-27 16:09:12,332 [WARN] com.ikubinfo.Internship.security.JwtRequestFilter [http-nio-8080-exec-4] JWT Token does not begin with Bearer String
2021-05-27 16:09:12,337 [WARN] com.ikubinfo.Internship.security.JwtRequestFilter [http-nio-8080-exec-5] JWT Token does not begin with Bearer String
2021-05-27 16:09:12,359 [WARN] com.ikubinfo.Internship.security.JwtRequestFilter [http-nio-8080-exec-7] JWT Token does not begin with Bearer String
2021-05-27 16:09:12,511 [WARN] com.ikubinfo.Internship.security.JwtRequestFilter [http-nio-8080-exec-6] JWT Token does not begin with Bearer String
2021-05-27 16:09:12,512 [WARN] com.ikubinfo.Internship.security.JwtRequestFilter [http-nio-8080-exec-3] JWT Token does not begin with Bearer String
2021-05-27 16:10:12,226 [INFO] com.ikubinfo.Internship.InternshipApplication [restartedMain] Starting InternshipApplication using Java 15.0.1 on Klement with PID 11600 (D:\Java\Internship\target\classes started by Klement in D:\Java\Internship)
2021-05-27 16:10:12,227 [DEBUG] com.ikubinfo.Internship.InternshipApplication [restartedMain] Running with Spring Boot v2.4.4, Spring v5.3.5
2021-05-27 16:10:12,227 [INFO] com.ikubinfo.Internship.InternshipApplication [restartedMain] The following profiles are active: dev
2021-05-27 16:10:12,267 [INFO] org.springframework.boot.devtools.env.DevToolsPropertyDefaultsPostProcessor [restartedMain] Devtools property defaults active! Set 'spring.devtools.add-properties' to 'false' to disable
2021-05-27 16:10:12,267 [INFO] org.springframework.boot.devtools.env.DevToolsPropertyDefaultsPostProcessor [restartedMain] For additional web related logging consider setting the 'logging.level.web' property to 'DEBUG'
2021-05-27 16:10:12,926 [INFO] org.springframework.data.repository.config.RepositoryConfigurationDelegate [restartedMain] Bootstrapping Spring Data JPA repositories in DEFAULT mode.
2021-05-27 16:10:12,981 [INFO] org.springframework.data.repository.config.RepositoryConfigurationDelegate [restartedMain] Finished Spring Data repository scanning in 49 ms. Found 10 JPA repository interfaces.
2021-05-27 16:10:13,201 [INFO] org.springframework.context.support.PostProcessorRegistrationDelegate$BeanPostProcessorChecker [restartedMain] Bean 'org.springframework.security.access.expression.method.DefaultMethodSecurityExpressionHandler@1712cdac' of type [org.springframework.security.access.expression.method.DefaultMethodSecurityExpressionHandler] is not eligible for getting processed by all BeanPostProcessors (for example: not eligible for auto-proxying)
2021-05-27 16:10:13,204 [INFO] org.springframework.context.support.PostProcessorRegistrationDelegate$BeanPostProcessorChecker [restartedMain] Bean 'methodSecurityMetadataSource' of type [org.springframework.security.access.method.DelegatingMethodSecurityMetadataSource] is not eligible for getting processed by all BeanPostProcessors (for example: not eligible for auto-proxying)
2021-05-27 16:10:13,369 [INFO] org.springframework.boot.web.embedded.tomcat.TomcatWebServer [restartedMain] Tomcat initialized with port(s): 8080 (http)
2021-05-27 16:10:13,374 [INFO] org.apache.catalina.core.StandardService [restartedMain] Starting service [Tomcat]
2021-05-27 16:10:13,375 [INFO] org.apache.catalina.core.StandardEngine [restartedMain] Starting Servlet engine: [Apache Tomcat/9.0.44]
2021-05-27 16:10:13,433 [INFO] org.apache.catalina.core.ContainerBase.[Tomcat].[localhost].[/] [restartedMain] Initializing Spring embedded WebApplicationContext
2021-05-27 16:10:13,434 [INFO] org.springframework.boot.web.servlet.context.ServletWebServerApplicationContext [restartedMain] Root WebApplicationContext: initialization completed in 1166 ms
2021-05-27 16:10:13,538 [INFO] org.hibernate.jpa.internal.util.LogHelper [restartedMain] HHH000204: Processing PersistenceUnitInfo [name: default]
2021-05-27 16:10:13,561 [INFO] org.hibernate.Version [restartedMain] HHH000412: Hibernate ORM core version 5.4.29.Final
2021-05-27 16:10:13,617 [INFO] org.hibernate.annotations.common.Version [restartedMain] HCANN000001: Hibernate Commons Annotations {5.1.2.Final}
2021-05-27 16:10:13,665 [INFO] com.zaxxer.hikari.HikariDataSource [restartedMain] HikariPool-1 - Starting...
2021-05-27 16:10:13,840 [INFO] com.zaxxer.hikari.HikariDataSource [restartedMain] HikariPool-1 - Start completed.
2021-05-27 16:10:13,857 [INFO] org.hibernate.dialect.Dialect [restartedMain] HHH000400: Using dialect: org.hibernate.dialect.PostgreSQL10Dialect
2021-05-27 16:10:14,743 [INFO] org.hibernate.engine.transaction.jta.platform.internal.JtaPlatformInitiator [restartedMain] HHH000490: Using JtaPlatform implementation: [org.hibernate.engine.transaction.jta.platform.internal.NoJtaPlatform]
2021-05-27 16:10:14,748 [INFO] org.springframework.orm.jpa.LocalContainerEntityManagerFactoryBean [restartedMain] Initialized JPA EntityManagerFactory for persistence unit 'default'
2021-05-27 16:10:14,982 [DEBUG] com.ikubinfo.Internship.security.JwtRequestFilter [restartedMain] Filter 'jwtRequestFilter' configured for use
2021-05-27 16:10:15,009 [INFO] org.springframework.boot.devtools.autoconfigure.OptionalLiveReloadServer [restartedMain] LiveReload server is running on port 35729
2021-05-27 16:10:15,115 [WARN] org.springframework.boot.autoconfigure.orm.jpa.JpaBaseConfiguration$JpaWebConfiguration [restartedMain] spring.jpa.open-in-view is enabled by default. Therefore, database queries may be performed during view rendering. Explicitly configure spring.jpa.open-in-view to disable this warning
2021-05-27 16:10:15,566 [INFO] springfox.documentation.spring.web.PropertySourcedRequestMappingHandlerMapping [restartedMain] Mapped URL path [/v2/api-docs] onto method [springfox.documentation.swagger2.web.Swagger2Controller#getDocumentation(String, HttpServletRequest)]
2021-05-27 16:10:15,636 [INFO] org.springframework.security.web.DefaultSecurityFilterChain [restartedMain] Will secure any request with [org.springframework.security.web.context.request.async.WebAsyncManagerIntegrationFilter@43b1836a, org.springframework.security.web.context.SecurityContextPersistenceFilter@1a035fcf, org.springframework.security.web.header.HeaderWriterFilter@16fe785, org.springframework.security.web.authentication.logout.LogoutFilter@29c76e0, com.ikubinfo.Internship.security.JwtRequestFilter@64b5ce7c, org.springframework.security.web.savedrequest.RequestCacheAwareFilter@1fc6b62d, org.springframework.security.web.servletapi.SecurityContextHolderAwareRequestFilter@30727347, org.springframework.security.web.authentication.AnonymousAuthenticationFilter@6e9d3ca6, org.springframework.security.web.session.SessionManagementFilter@1960f412, org.springframework.security.web.access.ExceptionTranslationFilter@6cb9c3d3, org.springframework.security.web.access.intercept.FilterSecurityInterceptor@14bbb28e]
2021-05-27 16:10:15,712 [INFO] org.springframework.scheduling.concurrent.ThreadPoolTaskExecutor [restartedMain] Initializing ExecutorService 'applicationTaskExecutor'
2021-05-27 16:10:15,856 [INFO] org.springframework.boot.web.embedded.tomcat.TomcatWebServer [restartedMain] Tomcat started on port(s): 8080 (http) with context path ''
2021-05-27 16:10:15,857 [INFO] springfox.documentation.spring.web.plugins.DocumentationPluginsBootstrapper [restartedMain] Context refreshed
2021-05-27 16:10:15,865 [INFO] springfox.documentation.spring.web.plugins.DocumentationPluginsBootstrapper [restartedMain] Found 1 custom documentation plugin(s)
2021-05-27 16:10:15,886 [INFO] springfox.documentation.spring.web.scanners.ApiListingReferenceScanner [restartedMain] Scanning for api listing references
2021-05-27 16:10:16,089 [INFO] com.ikubinfo.Internship.InternshipApplication [restartedMain] Started InternshipApplication in 4.122 seconds (JVM running for 4.702)
2021-05-27 16:10:22,763 [INFO] org.apache.catalina.core.ContainerBase.[Tomcat].[localhost].[/] [http-nio-8080-exec-1] Initializing Spring DispatcherServlet 'dispatcherServlet'
2021-05-27 16:10:22,763 [INFO] org.springframework.web.servlet.DispatcherServlet [http-nio-8080-exec-1] Initializing Servlet 'dispatcherServlet'
2021-05-27 16:10:22,764 [INFO] org.springframework.web.servlet.DispatcherServlet [http-nio-8080-exec-1] Completed initialization in 1 ms
2021-05-27 16:10:22,772 [WARN] com.ikubinfo.Internship.security.JwtRequestFilter [http-nio-8080-exec-1] JWT Token does not begin with Bearer String
2021-05-27 16:10:22,811 [WARN] com.ikubinfo.Internship.security.JwtRequestFilter [http-nio-8080-exec-4] JWT Token does not begin with Bearer String
2021-05-27 16:10:22,811 [WARN] com.ikubinfo.Internship.security.JwtRequestFilter [http-nio-8080-exec-3] JWT Token does not begin with Bearer String
2021-05-27 16:10:22,812 [WARN] com.ikubinfo.Internship.security.JwtRequestFilter [http-nio-8080-exec-6] JWT Token does not begin with Bearer String
2021-05-27 16:10:22,812 [WARN] com.ikubinfo.Internship.security.JwtRequestFilter [http-nio-8080-exec-5] JWT Token does not begin with Bearer String
2021-05-27 16:10:22,812 [WARN] com.ikubinfo.Internship.security.JwtRequestFilter [http-nio-8080-exec-2] JWT Token does not begin with Bearer String
2021-05-27 16:10:22,998 [WARN] com.ikubinfo.Internship.security.JwtRequestFilter [http-nio-8080-exec-7] JWT Token does not begin with Bearer String
2021-05-27 16:10:23,018 [WARN] com.ikubinfo.Internship.security.JwtRequestFilter [http-nio-8080-exec-8] JWT Token does not begin with Bearer String
2021-05-27 16:10:23,020 [WARN] com.ikubinfo.Internship.security.JwtRequestFilter [http-nio-8080-exec-9] JWT Token does not begin with Bearer String
2021-05-27 16:10:23,079 [WARN] com.ikubinfo.Internship.security.JwtRequestFilter [http-nio-8080-exec-8] JWT Token does not begin with Bearer String
2021-05-27 16:10:23,091 [WARN] com.ikubinfo.Internship.security.JwtRequestFilter [http-nio-8080-exec-10] JWT Token does not begin with Bearer String
2021-05-27 16:10:23,119 [WARN] com.ikubinfo.Internship.security.JwtRequestFilter [http-nio-8080-exec-4] JWT Token does not begin with Bearer String
2021-05-27 16:10:23,119 [WARN] com.ikubinfo.Internship.security.JwtRequestFilter [http-nio-8080-exec-1] JWT Token does not begin with Bearer String
2021-05-27 16:10:23,126 [WARN] com.ikubinfo.Internship.security.JwtRequestFilter [http-nio-8080-exec-3] JWT Token does not begin with Bearer String
2021-05-27 16:10:23,142 [WARN] com.ikubinfo.Internship.security.JwtRequestFilter [http-nio-8080-exec-6] JWT Token does not begin with Bearer String
2021-05-27 16:10:23,284 [WARN] com.ikubinfo.Internship.security.JwtRequestFilter [http-nio-8080-exec-5] JWT Token does not begin with Bearer String
2021-05-27 16:10:23,284 [WARN] com.ikubinfo.Internship.security.JwtRequestFilter [http-nio-8080-exec-2] JWT Token does not begin with Bearer String
2021-05-27 16:10:48,286 [WARN] com.ikubinfo.Internship.security.JwtRequestFilter [http-nio-8080-exec-7] JWT Token does not begin with Bearer String
2021-05-27 16:11:19,365 [WARN] com.ikubinfo.Internship.security.JwtRequestFilter [http-nio-8080-exec-9] JWT Token does not begin with Bearer String
2021-05-27 16:11:19,630 [WARN] com.ikubinfo.Internship.security.JwtRequestFilter [http-nio-8080-exec-8] JWT Token does not begin with Bearer String
2021-05-27 16:14:38,960 [INFO] com.ikubinfo.Internship.InternshipApplication [restartedMain] Starting InternshipApplication using Java 15.0.1 on Klement with PID 15160 (D:\Java\Internship\target\classes started by Klement in D:\Java\Internship)
2021-05-27 16:14:38,962 [DEBUG] com.ikubinfo.Internship.InternshipApplication [restartedMain] Running with Spring Boot v2.4.4, Spring v5.3.5
2021-05-27 16:14:38,962 [INFO] com.ikubinfo.Internship.InternshipApplication [restartedMain] The following profiles are active: dev
2021-05-27 16:14:38,999 [INFO] org.springframework.boot.devtools.env.DevToolsPropertyDefaultsPostProcessor [restartedMain] Devtools property defaults active! Set 'spring.devtools.add-properties' to 'false' to disable
2021-05-27 16:14:38,999 [INFO] org.springframework.boot.devtools.env.DevToolsPropertyDefaultsPostProcessor [restartedMain] For additional web related logging consider setting the 'logging.level.web' property to 'DEBUG'
2021-05-27 16:14:39,670 [INFO] org.springframework.data.repository.config.RepositoryConfigurationDelegate [restartedMain] Bootstrapping Spring Data JPA repositories in DEFAULT mode.
2021-05-27 16:14:39,725 [INFO] org.springframework.data.repository.config.RepositoryConfigurationDelegate [restartedMain] Finished Spring Data repository scanning in 50 ms. Found 10 JPA repository interfaces.
2021-05-27 16:14:39,945 [INFO] org.springframework.context.support.PostProcessorRegistrationDelegate$BeanPostProcessorChecker [restartedMain] Bean 'org.springframework.security.access.expression.method.DefaultMethodSecurityExpressionHandler@7416f070' of type [org.springframework.security.access.expression.method.DefaultMethodSecurityExpressionHandler] is not eligible for getting processed by all BeanPostProcessors (for example: not eligible for auto-proxying)
2021-05-27 16:14:39,947 [INFO] org.springframework.context.support.PostProcessorRegistrationDelegate$BeanPostProcessorChecker [restartedMain] Bean 'methodSecurityMetadataSource' of type [org.springframework.security.access.method.DelegatingMethodSecurityMetadataSource] is not eligible for getting processed by all BeanPostProcessors (for example: not eligible for auto-proxying)
2021-05-27 16:14:40,115 [INFO] org.springframework.boot.web.embedded.tomcat.TomcatWebServer [restartedMain] Tomcat initialized with port(s): 8080 (http)
2021-05-27 16:14:40,120 [INFO] org.apache.catalina.core.StandardService [restartedMain] Starting service [Tomcat]
2021-05-27 16:14:40,120 [INFO] org.apache.catalina.core.StandardEngine [restartedMain] Starting Servlet engine: [Apache Tomcat/9.0.44]
2021-05-27 16:14:40,183 [INFO] org.apache.catalina.core.ContainerBase.[Tomcat].[localhost].[/] [restartedMain] Initializing Spring embedded WebApplicationContext
2021-05-27 16:14:40,183 [INFO] org.springframework.boot.web.servlet.context.ServletWebServerApplicationContext [restartedMain] Root WebApplicationContext: initialization completed in 1183 ms
2021-05-27 16:14:40,286 [INFO] org.hibernate.jpa.internal.util.LogHelper [restartedMain] HHH000204: Processing PersistenceUnitInfo [name: default]
2021-05-27 16:14:40,309 [INFO] org.hibernate.Version [restartedMain] HHH000412: Hibernate ORM core version 5.4.29.Final
2021-05-27 16:14:40,364 [INFO] org.hibernate.annotations.common.Version [restartedMain] HCANN000001: Hibernate Commons Annotations {5.1.2.Final}
2021-05-27 16:14:40,416 [INFO] com.zaxxer.hikari.HikariDataSource [restartedMain] HikariPool-1 - Starting...
2021-05-27 16:14:40,595 [INFO] com.zaxxer.hikari.HikariDataSource [restartedMain] HikariPool-1 - Start completed.
2021-05-27 16:14:40,610 [INFO] org.hibernate.dialect.Dialect [restartedMain] HHH000400: Using dialect: org.hibernate.dialect.PostgreSQL10Dialect
2021-05-27 16:14:41,486 [INFO] org.hibernate.engine.transaction.jta.platform.internal.JtaPlatformInitiator [restartedMain] HHH000490: Using JtaPlatform implementation: [org.hibernate.engine.transaction.jta.platform.internal.NoJtaPlatform]
2021-05-27 16:14:41,492 [INFO] org.springframework.orm.jpa.LocalContainerEntityManagerFactoryBean [restartedMain] Initialized JPA EntityManagerFactory for persistence unit 'default'
2021-05-27 16:14:41,728 [DEBUG] com.ikubinfo.Internship.security.JwtRequestFilter [restartedMain] Filter 'jwtRequestFilter' configured for use
2021-05-27 16:14:41,757 [INFO] org.springframework.boot.devtools.autoconfigure.OptionalLiveReloadServer [restartedMain] LiveReload server is running on port 35729
2021-05-27 16:14:41,865 [WARN] org.springframework.boot.autoconfigure.orm.jpa.JpaBaseConfiguration$JpaWebConfiguration [restartedMain] spring.jpa.open-in-view is enabled by default. Therefore, database queries may be performed during view rendering. Explicitly configure spring.jpa.open-in-view to disable this warning
2021-05-27 16:14:42,310 [INFO] springfox.documentation.spring.web.PropertySourcedRequestMappingHandlerMapping [restartedMain] Mapped URL path [/v2/api-docs] onto method [springfox.documentation.swagger2.web.Swagger2Controller#getDocumentation(String, HttpServletRequest)]
2021-05-27 16:14:42,384 [INFO] org.springframework.security.web.DefaultSecurityFilterChain [restartedMain] Will secure any request with [org.springframework.security.web.context.request.async.WebAsyncManagerIntegrationFilter@3b1b44be, org.springframework.security.web.context.SecurityContextPersistenceFilter@452b8de6, org.springframework.security.web.header.HeaderWriterFilter@30aa7ad0, org.springframework.security.web.authentication.logout.LogoutFilter@49ed5570, com.ikubinfo.Internship.security.JwtRequestFilter@54460114, org.springframework.security.web.savedrequest.RequestCacheAwareFilter@4559555b, org.springframework.security.web.servletapi.SecurityContextHolderAwareRequestFilter@572f77f2, org.springframework.security.web.authentication.AnonymousAuthenticationFilter@b6dd895, org.springframework.security.web.session.SessionManagementFilter@4176e072, org.springframework.security.web.access.ExceptionTranslationFilter@a0f4d70, org.springframework.security.web.access.intercept.FilterSecurityInterceptor@b3dc614]
2021-05-27 16:14:42,459 [INFO] org.springframework.scheduling.concurrent.ThreadPoolTaskExecutor [restartedMain] Initializing ExecutorService 'applicationTaskExecutor'
2021-05-27 16:14:42,608 [INFO] org.springframework.boot.web.embedded.tomcat.TomcatWebServer [restartedMain] Tomcat started on port(s): 8080 (http) with context path ''
2021-05-27 16:14:42,609 [INFO] springfox.documentation.spring.web.plugins.DocumentationPluginsBootstrapper [restartedMain] Context refreshed
2021-05-27 16:14:42,617 [INFO] springfox.documentation.spring.web.plugins.DocumentationPluginsBootstrapper [restartedMain] Found 1 custom documentation plugin(s)
2021-05-27 16:14:42,637 [INFO] springfox.documentation.spring.web.scanners.ApiListingReferenceScanner [restartedMain] Scanning for api listing references
2021-05-27 16:14:42,837 [INFO] com.ikubinfo.Internship.InternshipApplication [restartedMain] Started InternshipApplication in 4.114 seconds (JVM running for 4.666)
2021-05-27 16:14:44,442 [INFO] org.apache.catalina.core.ContainerBase.[Tomcat].[localhost].[/] [http-nio-8080-exec-1] Initializing Spring DispatcherServlet 'dispatcherServlet'
2021-05-27 16:14:44,442 [INFO] org.springframework.web.servlet.DispatcherServlet [http-nio-8080-exec-1] Initializing Servlet 'dispatcherServlet'
2021-05-27 16:14:44,443 [INFO] org.springframework.web.servlet.DispatcherServlet [http-nio-8080-exec-1] Completed initialization in 1 ms
2021-05-27 16:14:44,450 [WARN] com.ikubinfo.Internship.security.JwtRequestFilter [http-nio-8080-exec-1] JWT Token does not begin with Bearer String
2021-05-27 16:14:44,494 [WARN] com.ikubinfo.Internship.security.JwtRequestFilter [http-nio-8080-exec-2] JWT Token does not begin with Bearer String
2021-05-27 16:14:44,494 [WARN] com.ikubinfo.Internship.security.JwtRequestFilter [http-nio-8080-exec-3] JWT Token does not begin with Bearer String
2021-05-27 16:14:44,495 [WARN] com.ikubinfo.Internship.security.JwtRequestFilter [http-nio-8080-exec-4] JWT Token does not begin with Bearer String
2021-05-27 16:14:44,495 [WARN] com.ikubinfo.Internship.security.JwtRequestFilter [http-nio-8080-exec-8] JWT Token does not begin with Bearer String
2021-05-27 16:14:44,495 [WARN] com.ikubinfo.Internship.security.JwtRequestFilter [http-nio-8080-exec-5] JWT Token does not begin with Bearer String
2021-05-27 16:14:44,686 [WARN] com.ikubinfo.Internship.security.JwtRequestFilter [http-nio-8080-exec-7] JWT Token does not begin with Bearer String
2021-05-27 16:14:44,703 [WARN] com.ikubinfo.Internship.security.JwtRequestFilter [http-nio-8080-exec-6] JWT Token does not begin with Bearer String
2021-05-27 16:14:44,705 [WARN] com.ikubinfo.Internship.security.JwtRequestFilter [http-nio-8080-exec-9] JWT Token does not begin with Bearer String
2021-05-27 16:14:44,750 [WARN] com.ikubinfo.Internship.security.JwtRequestFilter [http-nio-8080-exec-10] JWT Token does not begin with Bearer String
2021-05-27 16:14:44,759 [WARN] com.ikubinfo.Internship.security.JwtRequestFilter [http-nio-8080-exec-1] JWT Token does not begin with Bearer String
2021-05-27 16:14:44,786 [WARN] com.ikubinfo.Internship.security.JwtRequestFilter [http-nio-8080-exec-2] JWT Token does not begin with Bearer String
2021-05-27 16:14:44,786 [WARN] com.ikubinfo.Internship.security.JwtRequestFilter [http-nio-8080-exec-3] JWT Token does not begin with Bearer String
2021-05-27 16:14:44,791 [WARN] com.ikubinfo.Internship.security.JwtRequestFilter [http-nio-8080-exec-8] JWT Token does not begin with Bearer String
2021-05-27 16:14:44,809 [WARN] com.ikubinfo.Internship.security.JwtRequestFilter [http-nio-8080-exec-5] JWT Token does not begin with Bearer String
2021-05-27 16:14:44,934 [WARN] com.ikubinfo.Internship.security.JwtRequestFilter [http-nio-8080-exec-4] JWT Token does not begin with Bearer String
2021-05-27 16:14:44,934 [WARN] com.ikubinfo.Internship.security.JwtRequestFilter [http-nio-8080-exec-7] JWT Token does not begin with Bearer String
2021-05-27 16:15:03,079 [WARN] com.ikubinfo.Internship.security.JwtRequestFilter [http-nio-8080-exec-9] JWT Token does not begin with Bearer String
2021-05-27 16:15:38,849 [WARN] com.ikubinfo.Internship.security.JwtRequestFilter [http-nio-8080-exec-6] JWT Token does not begin with Bearer String
2021-05-27 16:15:47,729 [DEBUG] com.ikubinfo.Internship.exception.APIExceptionHandler [http-nio-8080-exec-5] Financier not found
2021-05-27 16:15:47,733 [WARN] org.springframework.web.servlet.mvc.method.annotation.ExceptionHandlerExceptionResolver [http-nio-8080-exec-5] Resolved [com.ikubinfo.Internship.exception.NotFoundReqException: Financier not found]
2021-05-27 16:19:06,101 [DEBUG] com.ikubinfo.Internship.exception.APIExceptionHandler [http-nio-8080-exec-9] Access is denied
2021-05-27 16:19:06,103 [WARN] org.springframework.web.servlet.mvc.method.annotation.ExceptionHandlerExceptionResolver [http-nio-8080-exec-9] Resolved [org.springframework.security.access.AccessDeniedException: Access is denied]
2021-05-27 16:21:01,677 [INFO] com.ikubinfo.Internship.InternshipApplication [restartedMain] Starting InternshipApplication using Java 15.0.1 on Klement with PID 1912 (D:\Java\Internship\target\classes started by Klement in D:\Java\Internship)
2021-05-27 16:21:01,679 [DEBUG] com.ikubinfo.Internship.InternshipApplication [restartedMain] Running with Spring Boot v2.4.4, Spring v5.3.5
2021-05-27 16:21:01,680 [INFO] com.ikubinfo.Internship.InternshipApplication [restartedMain] The following profiles are active: dev
2021-05-27 16:21:01,718 [INFO] org.springframework.boot.devtools.env.DevToolsPropertyDefaultsPostProcessor [restartedMain] Devtools property defaults active! Set 'spring.devtools.add-properties' to 'false' to disable
2021-05-27 16:21:01,718 [INFO] org.springframework.boot.devtools.env.DevToolsPropertyDefaultsPostProcessor [restartedMain] For additional web related logging consider setting the 'logging.level.web' property to 'DEBUG'
2021-05-27 16:21:02,384 [INFO] org.springframework.data.repository.config.RepositoryConfigurationDelegate [restartedMain] Bootstrapping Spring Data JPA repositories in DEFAULT mode.
2021-05-27 16:21:02,440 [INFO] org.springframework.data.repository.config.RepositoryConfigurationDelegate [restartedMain] Finished Spring Data repository scanning in 50 ms. Found 10 JPA repository interfaces.
2021-05-27 16:21:02,659 [INFO] org.springframework.context.support.PostProcessorRegistrationDelegate$BeanPostProcessorChecker [restartedMain] Bean 'org.springframework.security.access.expression.method.DefaultMethodSecurityExpressionHandler@1712cdac' of type [org.springframework.security.access.expression.method.DefaultMethodSecurityExpressionHandler] is not eligible for getting processed by all BeanPostProcessors (for example: not eligible for auto-proxying)
2021-05-27 16:21:02,662 [INFO] org.springframework.context.support.PostProcessorRegistrationDelegate$BeanPostProcessorChecker [restartedMain] Bean 'methodSecurityMetadataSource' of type [org.springframework.security.access.method.DelegatingMethodSecurityMetadataSource] is not eligible for getting processed by all BeanPostProcessors (for example: not eligible for auto-proxying)
2021-05-27 16:21:02,829 [INFO] org.springframework.boot.web.embedded.tomcat.TomcatWebServer [restartedMain] Tomcat initialized with port(s): 8080 (http)
2021-05-27 16:21:02,834 [INFO] org.apache.catalina.core.StandardService [restartedMain] Starting service [Tomcat]
2021-05-27 16:21:02,834 [INFO] org.apache.catalina.core.StandardEngine [restartedMain] Starting Servlet engine: [Apache Tomcat/9.0.44]
2021-05-27 16:21:02,894 [INFO] org.apache.catalina.core.ContainerBase.[Tomcat].[localhost].[/] [restartedMain] Initializing Spring embedded WebApplicationContext
2021-05-27 16:21:02,894 [INFO] org.springframework.boot.web.servlet.context.ServletWebServerApplicationContext [restartedMain] Root WebApplicationContext: initialization completed in 1175 ms
2021-05-27 16:21:02,998 [INFO] org.hibernate.jpa.internal.util.LogHelper [restartedMain] HHH000204: Processing PersistenceUnitInfo [name: default]
2021-05-27 16:21:03,021 [INFO] org.hibernate.Version [restartedMain] HHH000412: Hibernate ORM core version 5.4.29.Final
2021-05-27 16:21:03,076 [INFO] org.hibernate.annotations.common.Version [restartedMain] HCANN000001: Hibernate Commons Annotations {5.1.2.Final}
2021-05-27 16:21:03,126 [INFO] com.zaxxer.hikari.HikariDataSource [restartedMain] HikariPool-1 - Starting...
2021-05-27 16:21:03,304 [INFO] com.zaxxer.hikari.HikariDataSource [restartedMain] HikariPool-1 - Start completed.
2021-05-27 16:21:03,319 [INFO] org.hibernate.dialect.Dialect [restartedMain] HHH000400: Using dialect: org.hibernate.dialect.PostgreSQL10Dialect
2021-05-27 16:21:04,198 [INFO] org.hibernate.engine.transaction.jta.platform.internal.JtaPlatformInitiator [restartedMain] HHH000490: Using JtaPlatform implementation: [org.hibernate.engine.transaction.jta.platform.internal.NoJtaPlatform]
2021-05-27 16:21:04,203 [INFO] org.springframework.orm.jpa.LocalContainerEntityManagerFactoryBean [restartedMain] Initialized JPA EntityManagerFactory for persistence unit 'default'
2021-05-27 16:21:04,450 [DEBUG] com.ikubinfo.Internship.security.JwtRequestFilter [restartedMain] Filter 'jwtRequestFilter' configured for use
2021-05-27 16:21:04,477 [INFO] org.springframework.boot.devtools.autoconfigure.OptionalLiveReloadServer [restartedMain] LiveReload server is running on port 35729
2021-05-27 16:21:04,586 [WARN] org.springframework.boot.autoconfigure.orm.jpa.JpaBaseConfiguration$JpaWebConfiguration [restartedMain] spring.jpa.open-in-view is enabled by default. Therefore, database queries may be performed during view rendering. Explicitly configure spring.jpa.open-in-view to disable this warning
2021-05-27 16:21:05,082 [INFO] springfox.documentation.spring.web.PropertySourcedRequestMappingHandlerMapping [restartedMain] Mapped URL path [/v2/api-docs] onto method [springfox.documentation.swagger2.web.Swagger2Controller#getDocumentation(String, HttpServletRequest)]
2021-05-27 16:21:05,174 [INFO] org.springframework.security.web.DefaultSecurityFilterChain [restartedMain] Will secure any request with [org.springframework.security.web.context.request.async.WebAsyncManagerIntegrationFilter@69b30217, org.springframework.security.web.context.SecurityContextPersistenceFilter@72f95926, org.springframework.security.web.header.HeaderWriterFilter@7e738bbf, org.springframework.security.web.authentication.logout.LogoutFilter@4229957d, com.ikubinfo.Internship.security.JwtRequestFilter@75608908, org.springframework.security.web.savedrequest.RequestCacheAwareFilter@373586b9, org.springframework.security.web.servletapi.SecurityContextHolderAwareRequestFilter@7bc45d1d, org.springframework.security.web.authentication.AnonymousAuthenticationFilter@14bbb28e, org.springframework.security.web.session.SessionManagementFilter@71623951, org.springframework.security.web.access.ExceptionTranslationFilter@3a0f42dc, org.springframework.security.web.access.intercept.FilterSecurityInterceptor@127f2000]
2021-05-27 16:21:05,252 [INFO] org.springframework.scheduling.concurrent.ThreadPoolTaskExecutor [restartedMain] Initializing ExecutorService 'applicationTaskExecutor'
2021-05-27 16:21:05,455 [INFO] org.springframework.boot.web.embedded.tomcat.TomcatWebServer [restartedMain] Tomcat started on port(s): 8080 (http) with context path ''
2021-05-27 16:21:05,456 [INFO] springfox.documentation.spring.web.plugins.DocumentationPluginsBootstrapper [restartedMain] Context refreshed
2021-05-27 16:21:05,464 [INFO] springfox.documentation.spring.web.plugins.DocumentationPluginsBootstrapper [restartedMain] Found 1 custom documentation plugin(s)
2021-05-27 16:21:05,486 [INFO] springfox.documentation.spring.web.scanners.ApiListingReferenceScanner [restartedMain] Scanning for api listing references
2021-05-27 16:21:05,683 [INFO] com.ikubinfo.Internship.InternshipApplication [restartedMain] Started InternshipApplication in 4.244 seconds (JVM running for 4.791)
2021-05-27 16:21:19,168 [INFO] org.apache.catalina.core.ContainerBase.[Tomcat].[localhost].[/] [http-nio-8080-exec-1] Initializing Spring DispatcherServlet 'dispatcherServlet'
2021-05-27 16:21:19,168 [INFO] org.springframework.web.servlet.DispatcherServlet [http-nio-8080-exec-1] Initializing Servlet 'dispatcherServlet'
2021-05-27 16:21:19,169 [INFO] org.springframework.web.servlet.DispatcherServlet [http-nio-8080-exec-1] Completed initialization in 1 ms
2021-05-27 16:21:19,236 [DEBUG] com.ikubinfo.Internship.exception.APIExceptionHandler [http-nio-8080-exec-1] Access is denied
2021-05-27 16:21:19,259 [WARN] org.springframework.web.servlet.mvc.method.annotation.ExceptionHandlerExceptionResolver [http-nio-8080-exec-1] Resolved [org.springframework.security.access.AccessDeniedException: Access is denied]
2021-05-27 16:22:48,615 [INFO] com.ikubinfo.Internship.InternshipApplication [restartedMain] Starting InternshipApplication using Java 15.0.1 on Klement with PID 11252 (D:\Java\Internship\target\classes started by Klement in D:\Java\Internship)
2021-05-27 16:22:48,617 [DEBUG] com.ikubinfo.Internship.InternshipApplication [restartedMain] Running with Spring Boot v2.4.4, Spring v5.3.5
2021-05-27 16:22:48,617 [INFO] com.ikubinfo.Internship.InternshipApplication [restartedMain] The following profiles are active: dev
2021-05-27 16:22:48,652 [INFO] org.springframework.boot.devtools.env.DevToolsPropertyDefaultsPostProcessor [restartedMain] Devtools property defaults active! Set 'spring.devtools.add-properties' to 'false' to disable
2021-05-27 16:22:48,652 [INFO] org.springframework.boot.devtools.env.DevToolsPropertyDefaultsPostProcessor [restartedMain] For additional web related logging consider setting the 'logging.level.web' property to 'DEBUG'
2021-05-27 16:22:49,344 [INFO] org.springframework.data.repository.config.RepositoryConfigurationDelegate [restartedMain] Bootstrapping Spring Data JPA repositories in DEFAULT mode.
2021-05-27 16:22:49,396 [INFO] org.springframework.data.repository.config.RepositoryConfigurationDelegate [restartedMain] Finished Spring Data repository scanning in 47 ms. Found 10 JPA repository interfaces.
2021-05-27 16:22:49,612 [INFO] org.springframework.context.support.PostProcessorRegistrationDelegate$BeanPostProcessorChecker [restartedMain] Bean 'org.springframework.security.access.expression.method.DefaultMethodSecurityExpressionHandler@7416f070' of type [org.springframework.security.access.expression.method.DefaultMethodSecurityExpressionHandler] is not eligible for getting processed by all BeanPostProcessors (for example: not eligible for auto-proxying)
2021-05-27 16:22:49,615 [INFO] org.springframework.context.support.PostProcessorRegistrationDelegate$BeanPostProcessorChecker [restartedMain] Bean 'methodSecurityMetadataSource' of type [org.springframework.security.access.method.DelegatingMethodSecurityMetadataSource] is not eligible for getting processed by all BeanPostProcessors (for example: not eligible for auto-proxying)
2021-05-27 16:22:49,783 [INFO] org.springframework.boot.web.embedded.tomcat.TomcatWebServer [restartedMain] Tomcat initialized with port(s): 8080 (http)
2021-05-27 16:22:49,788 [INFO] org.apache.catalina.core.StandardService [restartedMain] Starting service [Tomcat]
2021-05-27 16:22:49,789 [INFO] org.apache.catalina.core.StandardEngine [restartedMain] Starting Servlet engine: [Apache Tomcat/9.0.44]
2021-05-27 16:22:49,848 [INFO] org.apache.catalina.core.ContainerBase.[Tomcat].[localhost].[/] [restartedMain] Initializing Spring embedded WebApplicationContext
2021-05-27 16:22:49,848 [INFO] org.springframework.boot.web.servlet.context.ServletWebServerApplicationContext [restartedMain] Root WebApplicationContext: initialization completed in 1195 ms
2021-05-27 16:22:49,950 [INFO] org.hibernate.jpa.internal.util.LogHelper [restartedMain] HHH000204: Processing PersistenceUnitInfo [name: default]
2021-05-27 16:22:49,974 [INFO] org.hibernate.Version [restartedMain] HHH000412: Hibernate ORM core version 5.4.29.Final
2021-05-27 16:22:50,029 [INFO] org.hibernate.annotations.common.Version [restartedMain] HCANN000001: Hibernate Commons Annotations {5.1.2.Final}
2021-05-27 16:22:50,081 [INFO] com.zaxxer.hikari.HikariDataSource [restartedMain] HikariPool-1 - Starting...
2021-05-27 16:22:50,257 [INFO] com.zaxxer.hikari.HikariDataSource [restartedMain] HikariPool-1 - Start completed.
2021-05-27 16:22:50,270 [INFO] org.hibernate.dialect.Dialect [restartedMain] HHH000400: Using dialect: org.hibernate.dialect.PostgreSQL10Dialect
2021-05-27 16:22:51,150 [INFO] org.hibernate.engine.transaction.jta.platform.internal.JtaPlatformInitiator [restartedMain] HHH000490: Using JtaPlatform implementation: [org.hibernate.engine.transaction.jta.platform.internal.NoJtaPlatform]
2021-05-27 16:22:51,156 [INFO] org.springframework.orm.jpa.LocalContainerEntityManagerFactoryBean [restartedMain] Initialized JPA EntityManagerFactory for persistence unit 'default'
2021-05-27 16:22:51,391 [DEBUG] com.ikubinfo.Internship.security.JwtRequestFilter [restartedMain] Filter 'jwtRequestFilter' configured for use
2021-05-27 16:22:51,418 [INFO] org.springframework.boot.devtools.autoconfigure.OptionalLiveReloadServer [restartedMain] LiveReload server is running on port 35729
2021-05-27 16:22:51,526 [WARN] org.springframework.boot.autoconfigure.orm.jpa.JpaBaseConfiguration$JpaWebConfiguration [restartedMain] spring.jpa.open-in-view is enabled by default. Therefore, database queries may be performed during view rendering. Explicitly configure spring.jpa.open-in-view to disable this warning
2021-05-27 16:22:51,961 [INFO] springfox.documentation.spring.web.PropertySourcedRequestMappingHandlerMapping [restartedMain] Mapped URL path [/v2/api-docs] onto method [springfox.documentation.swagger2.web.Swagger2Controller#getDocumentation(String, HttpServletRequest)]
2021-05-27 16:22:52,033 [INFO] org.springframework.security.web.DefaultSecurityFilterChain [restartedMain] Will secure any request with [org.springframework.security.web.context.request.async.WebAsyncManagerIntegrationFilter@5dc85230, org.springframework.security.web.context.SecurityContextPersistenceFilter@a74e590, org.springframework.security.web.header.HeaderWriterFilter@76903424, org.springframework.security.web.authentication.logout.LogoutFilter@3c042570, com.ikubinfo.Internship.security.JwtRequestFilter@7ace3c88, org.springframework.security.web.savedrequest.RequestCacheAwareFilter@32d25ccf, org.springframework.security.web.servletapi.SecurityContextHolderAwareRequestFilter@335a4632, org.springframework.security.web.authentication.AnonymousAuthenticationFilter@4f3461ef, org.springframework.security.web.session.SessionManagementFilter@15c9f5a7, org.springframework.security.web.access.ExceptionTranslationFilter@4e4a0506, org.springframework.security.web.access.intercept.FilterSecurityInterceptor@3a314d77]
2021-05-27 16:22:52,102 [INFO] org.springframework.scheduling.concurrent.ThreadPoolTaskExecutor [restartedMain] Initializing ExecutorService 'applicationTaskExecutor'
2021-05-27 16:22:52,241 [INFO] org.springframework.boot.web.embedded.tomcat.TomcatWebServer [restartedMain] Tomcat started on port(s): 8080 (http) with context path ''
2021-05-27 16:22:52,242 [INFO] springfox.documentation.spring.web.plugins.DocumentationPluginsBootstrapper [restartedMain] Context refreshed
2021-05-27 16:22:52,251 [INFO] springfox.documentation.spring.web.plugins.DocumentationPluginsBootstrapper [restartedMain] Found 1 custom documentation plugin(s)
2021-05-27 16:22:52,273 [INFO] springfox.documentation.spring.web.scanners.ApiListingReferenceScanner [restartedMain] Scanning for api listing references
2021-05-27 16:22:52,474 [INFO] com.ikubinfo.Internship.InternshipApplication [restartedMain] Started InternshipApplication in 4.097 seconds (JVM running for 4.628)
2021-05-27 16:22:57,886 [INFO] org.apache.catalina.core.ContainerBase.[Tomcat].[localhost].[/] [http-nio-8080-exec-1] Initializing Spring DispatcherServlet 'dispatcherServlet'
2021-05-27 16:22:57,887 [INFO] org.springframework.web.servlet.DispatcherServlet [http-nio-8080-exec-1] Initializing Servlet 'dispatcherServlet'
2021-05-27 16:22:57,888 [INFO] org.springframework.web.servlet.DispatcherServlet [http-nio-8080-exec-1] Completed initialization in 1 ms
2021-05-27 16:22:57,962 [DEBUG] com.ikubinfo.Internship.exception.APIExceptionHandler [http-nio-8080-exec-1] Access is denied
2021-05-27 16:22:57,987 [WARN] org.springframework.web.servlet.mvc.method.annotation.ExceptionHandlerExceptionResolver [http-nio-8080-exec-1] Resolved [org.springframework.security.access.AccessDeniedException: Access is denied]
2021-05-27 16:23:15,956 [DEBUG] com.ikubinfo.Internship.exception.APIExceptionHandler [http-nio-8080-exec-2] Access is denied
2021-05-27 16:23:15,958 [WARN] org.springframework.web.servlet.mvc.method.annotation.ExceptionHandlerExceptionResolver [http-nio-8080-exec-2] Resolved [org.springframework.security.access.AccessDeniedException: Access is denied]
2021-05-27 16:23:20,416 [DEBUG] com.ikubinfo.Internship.exception.APIExceptionHandler [http-nio-8080-exec-3] Access is denied
2021-05-27 16:23:20,417 [WARN] org.springframework.web.servlet.mvc.method.annotation.ExceptionHandlerExceptionResolver [http-nio-8080-exec-3] Resolved [org.springframework.security.access.AccessDeniedException: Access is denied]
2021-05-27 16:24:23,870 [DEBUG] com.ikubinfo.Internship.exception.APIExceptionHandler [http-nio-8080-exec-6] Access is denied
2021-05-27 16:24:23,871 [WARN] org.springframework.web.servlet.mvc.method.annotation.ExceptionHandlerExceptionResolver [http-nio-8080-exec-6] Resolved [org.springframework.security.access.AccessDeniedException: Access is denied]
2021-05-27 16:24:51,242 [DEBUG] com.ikubinfo.Internship.exception.APIExceptionHandler [http-nio-8080-exec-9] Validation failed for argument [0] in public org.springframework.http.ResponseEntity<com.ikubinfo.Internship.dto.FinancierDto> com.ikubinfo.Internship.controller.FinancierController.updateFinancier(com.ikubinfo.Internship.dto.FinancierDto): [Field error in object 'financierDto' on field 'password': rejected value [stri!1ng]; codes [Pattern.financierDto.password,Pattern.password,Pattern.java.lang.String,Pattern]; arguments [org.springframework.context.support.DefaultMessageSourceResolvable: codes [financierDto.password,password]; arguments []; default message [password],[Ljavax.validation.constraints.Pattern$Flag;@7e12fb96,^(?=.*[0-9])(?=.*[a-z])(?=.*[A-Z])(?=.*[`!@#$%^&+=])(?=\S+$).{8,}$]; default message [Password must be at least 8 char, have 1 number, 1 special char, no white spaces]] 
2021-05-27 16:24:51,244 [WARN] org.springframework.web.servlet.mvc.method.annotation.ExceptionHandlerExceptionResolver [http-nio-8080-exec-9] Resolved [org.springframework.web.bind.MethodArgumentNotValidException: Validation failed for argument [0] in public org.springframework.http.ResponseEntity<com.ikubinfo.Internship.dto.FinancierDto> com.ikubinfo.Internship.controller.FinancierController.updateFinancier(com.ikubinfo.Internship.dto.FinancierDto): [Field error in object 'financierDto' on field 'password': rejected value [stri!1ng]; codes [Pattern.financierDto.password,Pattern.password,Pattern.java.lang.String,Pattern]; arguments [org.springframework.context.support.DefaultMessageSourceResolvable: codes [financierDto.password,password]; arguments []; default message [password],[Ljavax.validation.constraints.Pattern$Flag;@7e12fb96,^(?=.*[0-9])(?=.*[a-z])(?=.*[A-Z])(?=.*[`!@#$%^&+=])(?=\S+$).{8,}$]; default message [Password must be at least 8 char, have 1 number, 1 special char, no white spaces]] ]
2021-05-27 16:24:59,608 [DEBUG] com.ikubinfo.Internship.exception.APIExceptionHandler [http-nio-8080-exec-10] Access is denied
2021-05-27 16:24:59,609 [WARN] org.springframework.web.servlet.mvc.method.annotation.ExceptionHandlerExceptionResolver [http-nio-8080-exec-10] Resolved [org.springframework.security.access.AccessDeniedException: Access is denied]
2021-05-27 16:25:23,984 [DEBUG] com.ikubinfo.Internship.exception.APIExceptionHandler [http-nio-8080-exec-3] Access is denied
2021-05-27 16:25:23,985 [WARN] org.springframework.web.servlet.mvc.method.annotation.ExceptionHandlerExceptionResolver [http-nio-8080-exec-3] Resolved [org.springframework.security.access.AccessDeniedException: Access is denied]
2021-05-27 16:30:21,786 [DEBUG] com.ikubinfo.Internship.exception.APIExceptionHandler [http-nio-8080-exec-8] Access is denied
2021-05-27 16:30:21,787 [WARN] org.springframework.web.servlet.mvc.method.annotation.ExceptionHandlerExceptionResolver [http-nio-8080-exec-8] Resolved [org.springframework.security.access.AccessDeniedException: Access is denied]
2021-05-27 16:30:54,839 [DEBUG] com.ikubinfo.Internship.exception.APIExceptionHandler [http-nio-8080-exec-9] JSON parse error: Cannot deserialize value of type `java.time.LocalDate` from String "22-2-2021": Failed to deserialize java.time.LocalDate: (java.time.format.DateTimeParseException) Text '22-2-2021' could not be parsed at index 0; nested exception is com.fasterxml.jackson.databind.exc.InvalidFormatException: Cannot deserialize value of type `java.time.LocalDate` from String "22-2-2021": Failed to deserialize java.time.LocalDate: (java.time.format.DateTimeParseException) Text '22-2-2021' could not be parsed at index 0
 at [Source: (PushbackInputStream); line: 1, column: 1]
2021-05-27 16:30:54,840 [WARN] org.springframework.web.servlet.mvc.method.annotation.ExceptionHandlerExceptionResolver [http-nio-8080-exec-9] Resolved [org.springframework.http.converter.HttpMessageNotReadableException: JSON parse error: Cannot deserialize value of type `java.time.LocalDate` from String "22-2-2021": Failed to deserialize java.time.LocalDate: (java.time.format.DateTimeParseException) Text '22-2-2021' could not be parsed at index 0; nested exception is com.fasterxml.jackson.databind.exc.InvalidFormatException: Cannot deserialize value of type `java.time.LocalDate` from String "22-2-2021": Failed to deserialize java.time.LocalDate: (java.time.format.DateTimeParseException) Text '22-2-2021' could not be parsed at index 0
 at [Source: (PushbackInputStream); line: 1, column: 1]]
2021-05-27 16:32:35,310 [DEBUG] com.ikubinfo.Internship.exception.APIExceptionHandler [http-nio-8080-exec-2] JSON parse error: Cannot deserialize value of type `java.time.LocalDate` from String "2021-04-4": Failed to deserialize java.time.LocalDate: (java.time.format.DateTimeParseException) Text '2021-04-4' could not be parsed at index 8; nested exception is com.fasterxml.jackson.databind.exc.InvalidFormatException: Cannot deserialize value of type `java.time.LocalDate` from String "2021-04-4": Failed to deserialize java.time.LocalDate: (java.time.format.DateTimeParseException) Text '2021-04-4' could not be parsed at index 8
 at [Source: (PushbackInputStream); line: 1, column: 1]
2021-05-27 16:32:35,311 [WARN] org.springframework.web.servlet.mvc.method.annotation.ExceptionHandlerExceptionResolver [http-nio-8080-exec-2] Resolved [org.springframework.http.converter.HttpMessageNotReadableException: JSON parse error: Cannot deserialize value of type `java.time.LocalDate` from String "2021-04-4": Failed to deserialize java.time.LocalDate: (java.time.format.DateTimeParseException) Text '2021-04-4' could not be parsed at index 8; nested exception is com.fasterxml.jackson.databind.exc.InvalidFormatException: Cannot deserialize value of type `java.time.LocalDate` from String "2021-04-4": Failed to deserialize java.time.LocalDate: (java.time.format.DateTimeParseException) Text '2021-04-4' could not be parsed at index 8
 at [Source: (PushbackInputStream); line: 1, column: 1]]
